[debug] [2020-04-08T13:30:05.328Z] ----------------------------------------------------------------------
[debug] [2020-04-08T13:30:05.330Z] Command:       /usr/local/bin/node /Users/miurakazuya/Development/react/taskle/node_modules/.bin/firebase serve
[debug] [2020-04-08T13:30:05.330Z] CLI Version:   7.16.2
[debug] [2020-04-08T13:30:05.330Z] Platform:      darwin
[debug] [2020-04-08T13:30:05.330Z] Node Version:  v10.16.1
[debug] [2020-04-08T13:30:05.331Z] Time:          Wed Apr 08 2020 22:30:05 GMT+0900 (GMT+09:00)
[debug] [2020-04-08T13:30:05.331Z] ----------------------------------------------------------------------
[debug] [2020-04-08T13:30:05.331Z] 
[debug] [2020-04-08T13:30:05.339Z] > command requires scopes: ["email","openid","https://www.googleapis.com/auth/cloudplatformprojects.readonly","https://www.googleapis.com/auth/firebase","https://www.googleapis.com/auth/cloud-platform"]
[debug] [2020-04-08T13:30:05.339Z] > authorizing via signed-in user
[debug] [2020-04-08T13:30:05.339Z] [iam] checking project taskleapp for permissions ["firebase.projects.get"]
[debug] [2020-04-08T13:30:05.342Z] >>> HTTP REQUEST POST https://cloudresourcemanager.googleapis.com/v1/projects/taskleapp:testIamPermissions  

[debug] [2020-04-08T13:30:05.618Z] <<< HTTP RESPONSE 200
[debug] [2020-04-08T13:30:05.620Z] >>> HTTP REQUEST GET https://firebase.googleapis.com/v1beta1/projects/taskleapp  
 
[debug] [2020-04-08T13:30:06.022Z] <<< HTTP RESPONSE 200
[info] 
[info] === Serving from '/Users/miurakazuya/Development/react/taskle'...
[info] 
[debug] [2020-04-08T13:30:06.028Z] >>> HTTP REQUEST GET https://firebase.googleapis.com/v1beta1/projects/taskleapp/webApps/-/config  
 
[info] ✔  functions: Using node@10 from host.
[info] ✔  functions: functions emulator started at http://localhost:5001
[debug] [2020-04-08T13:30:06.840Z] <<< HTTP RESPONSE 200
[info] i  functions: Watching "/Users/miurakazuya/Development/react/taskle/dist/functions" for Cloud Functions...
[debug] [2020-04-08T13:30:06.879Z] [worker-pool] addWorker(~diagnostic~)
[debug] [2020-04-08T13:30:06.879Z] [worker-pool] Adding worker with key ~diagnostic~, total=1
[debug] [2020-04-08T13:30:06.880Z] [worker-pool] submitWork(triggerId=)
[debug] [2020-04-08T13:30:06.881Z] [worker-~diagnostic~-9ed51b77-676e-428c-808e-4de583c83701]: Assigning socketPath: /var/folders/r9/0pcgh36n0134y8pyhjzdwt9r0000gn/T/fire_emu_2926.sock
[debug] [2020-04-08T13:30:06.881Z] [worker-~diagnostic~-9ed51b77-676e-428c-808e-4de583c83701]: BUSY
[info] i  hosting: Serving hosting files from: dist/public
[info] ✔  hosting: Local server: http://localhost:5000
[debug] [2020-04-08T13:30:07.209Z] [runtime-status] [2926] Functions runtime initialized. {"cwd":"/Users/miurakazuya/Development/react/taskle/dist/functions","node_version":"10.16.1"}
[debug] [2020-04-08T13:30:07.211Z] [runtime-status] [2926] Disabled runtime features: {"functions_config_helper":true,"network_filtering":true,"timeout":true,"memory_limiting":true,"admin_stubs":true,"pubsub_emulator":true}
[debug] [2020-04-08T13:30:07.214Z] [runtime-status] [2926] Resolved module firebase-admin {"declared":true,"installed":true,"version":"8.10.0","resolution":"/Users/miurakazuya/Development/react/taskle/dist/functions/node_modules/firebase-admin/lib/index.js"}
[debug] [2020-04-08T13:30:07.215Z] [runtime-status] [2926] Resolved module firebase-functions {"declared":true,"installed":true,"version":"3.6.0","resolution":"/Users/miurakazuya/Development/react/taskle/dist/functions/node_modules/firebase-functions/lib/index.js"}
[debug] [2020-04-08T13:30:07.216Z] [runtime-status] [2926] Resolved module firebase-functions {"declared":true,"installed":true,"version":"3.6.0","resolution":"/Users/miurakazuya/Development/react/taskle/dist/functions/node_modules/firebase-functions/lib/index.js"}
[info] ✔  functions[nextApp]: http function initialized (http://localhost:5001/taskleapp/us-central1/nextApp).
[debug] [2020-04-08T13:30:07.358Z] [worker-~diagnostic~-9ed51b77-676e-428c-808e-4de583c83701]: IDLE
[debug] [2020-04-08T13:30:12.082Z] [work-queue] {"queueLength":1,"workRunningCount":0}
[debug] [2020-04-08T13:30:12.083Z] [work-queue] {"queueLength":0,"workRunningCount":1}
[debug] [2020-04-08T13:30:12.084Z] Accepted request GET /taskleapp/us-central1/nextApp/api/test --> nextApp
[debug] [2020-04-08T13:30:12.092Z] [worker-pool] addWorker(nextApp)
[debug] [2020-04-08T13:30:12.092Z] [worker-pool] Adding worker with key nextApp, total=1
[debug] [2020-04-08T13:30:12.092Z] [worker-pool] submitWork(triggerId=nextApp)
[debug] [2020-04-08T13:30:12.092Z] [worker-nextApp-7b4cdb7e-3f8c-4773-9c88-b262e735d0a1]: Assigning socketPath: /var/folders/r9/0pcgh36n0134y8pyhjzdwt9r0000gn/T/fire_emu_2934.sock
[debug] [2020-04-08T13:30:12.092Z] [worker-nextApp-7b4cdb7e-3f8c-4773-9c88-b262e735d0a1]: BUSY
[debug] [2020-04-08T13:30:12.514Z] [runtime-status] [2934] Functions runtime initialized. {"cwd":"/Users/miurakazuya/Development/react/taskle/dist/functions","node_version":"10.16.1"}
[debug] [2020-04-08T13:30:12.518Z] [runtime-status] [2934] Disabled runtime features: {"functions_config_helper":true,"network_filtering":true,"timeout":true,"memory_limiting":true,"admin_stubs":true,"pubsub_emulator":true}
[debug] [2020-04-08T13:30:12.522Z] [runtime-status] [2934] Resolved module firebase-admin {"declared":true,"installed":true,"version":"8.10.0","resolution":"/Users/miurakazuya/Development/react/taskle/dist/functions/node_modules/firebase-admin/lib/index.js"}
[debug] [2020-04-08T13:30:12.523Z] [runtime-status] [2934] Resolved module firebase-functions {"declared":true,"installed":true,"version":"3.6.0","resolution":"/Users/miurakazuya/Development/react/taskle/dist/functions/node_modules/firebase-functions/lib/index.js"}
[debug] [2020-04-08T13:30:12.526Z] [runtime-status] [2934] Resolved module firebase-functions {"declared":true,"installed":true,"version":"3.6.0","resolution":"/Users/miurakazuya/Development/react/taskle/dist/functions/node_modules/firebase-functions/lib/index.js"}
[debug] [2020-04-08T13:30:12.695Z] [runtime-status] [2934] Trigger "nextApp" has been found, beginning invocation!
[info] i  functions: Beginning execution of "nextApp"
[debug] [2020-04-08T13:30:12.696Z] [runtime-status] [2934] triggerDefinition {"httpsTrigger":{},"name":"nextApp","entryPoint":"nextApp"}
[debug] [2020-04-08T13:30:12.696Z] [runtime-status] [2934] Running nextApp in mode HTTPS
[debug] [2020-04-08T13:30:12.700Z] [runtime-status] [2934] Attempting to listen to socketPath: /var/folders/r9/0pcgh36n0134y8pyhjzdwt9r0000gn/T/fire_emu_2934.sock
[debug] [2020-04-08T13:30:12.705Z] [functions] Runtime ready! Sending request!
[debug] [2020-04-08T13:30:12.721Z] [runtime-status] [2934] Ephemeral server handling GET request
[info] >  File: /taskleapp/us-central1/nextApp/api/test
[debug] [2020-04-08T13:30:13.070Z] [runtime-status] [2934] Ephemeral server survived.
[info] >  UNUa1OS6gKO3DtycxtHR => { text: 'できたら神',
[info] >    created_at: Timestamp { _seconds: 1586271600, _nanoseconds: 0 } }
[info] >  wUh94wQsAmuEKbW1PLG7 => { text: 'これはテストです',
[info] >    created_at: Timestamp { _seconds: 1586271600, _nanoseconds: 0 } }
[info] i  functions: Finished "nextApp" in ~1s
[debug] [2020-04-08T13:30:13.585Z] [worker-nextApp-7b4cdb7e-3f8c-4773-9c88-b262e735d0a1]: IDLE
[debug] [2020-04-08T13:30:13.586Z] [work-queue] {"queueLength":0,"workRunningCount":0}
[debug] [2020-04-08T13:32:27.966Z] [work-queue] {"queueLength":1,"workRunningCount":0}
[debug] [2020-04-08T13:32:27.967Z] [work-queue] {"queueLength":0,"workRunningCount":1}
[debug] [2020-04-08T13:32:27.967Z] Accepted request GET /taskleapp/us-central1/nextApp/api/test --> nextApp
[debug] [2020-04-08T13:32:27.967Z] [worker-pool] submitWork(triggerId=nextApp)
[debug] [2020-04-08T13:32:27.967Z] [worker-nextApp-7b4cdb7e-3f8c-4773-9c88-b262e735d0a1]: Assigning socketPath: /var/folders/r9/0pcgh36n0134y8pyhjzdwt9r0000gn/T/fire_emu_2934.sock
[debug] [2020-04-08T13:32:27.967Z] [worker-nextApp-7b4cdb7e-3f8c-4773-9c88-b262e735d0a1]: BUSY
[debug] [2020-04-08T13:32:27.969Z] [runtime-status] [2934] Trigger "nextApp" has been found, beginning invocation!
[info] i  functions: Beginning execution of "nextApp"
[debug] [2020-04-08T13:32:27.970Z] [runtime-status] [2934] triggerDefinition {"httpsTrigger":{},"name":"nextApp","entryPoint":"nextApp"}
[debug] [2020-04-08T13:32:27.970Z] [runtime-status] [2934] Running nextApp in mode HTTPS
[debug] [2020-04-08T13:32:27.970Z] [runtime-status] [2934] Attempting to listen to socketPath: /var/folders/r9/0pcgh36n0134y8pyhjzdwt9r0000gn/T/fire_emu_2934.sock
[debug] [2020-04-08T13:32:27.972Z] [functions] Runtime ready! Sending request!
[debug] [2020-04-08T13:32:27.977Z] [runtime-status] [2934] Ephemeral server handling GET request
[info] >  File: /taskleapp/us-central1/nextApp/api/test
[debug] [2020-04-08T13:32:27.981Z] [runtime-status] [2934] Ephemeral server survived.
[info] >  UNUa1OS6gKO3DtycxtHR => { text: 'できたら神',
[info] >    created_at: Timestamp { _seconds: 1586271600, _nanoseconds: 0 } }
[info] >  wUh94wQsAmuEKbW1PLG7 => { text: 'これはテストです',
[info] >    created_at: Timestamp { _seconds: 1586271600, _nanoseconds: 0 } }
[info] i  functions: Finished "nextApp" in ~1s
[debug] [2020-04-08T13:32:28.127Z] [worker-nextApp-7b4cdb7e-3f8c-4773-9c88-b262e735d0a1]: IDLE
[debug] [2020-04-08T13:32:28.127Z] [work-queue] {"queueLength":0,"workRunningCount":0}
